2025-07-06 13:42:14 [main] INFO  - starting addItemToCartScenario TC
2025-07-06 13:42:15 [main] INFO  - price is verified..
2025-07-06 13:42:15 [main] INFO  - size is selected..
2025-07-06 13:42:17 [main] INFO  - product successfully added..
2025-07-06 13:42:19 [main] INFO  - continue btn is clicked
2025-07-06 13:42:19 [main] INFO  - ending addItemToCartScenario TC
2025-07-06 14:30:39 [main] INFO  - starting loginPageInvalid TC
2025-07-06 14:30:40 [main] INFO  - singin btn displayed and clicked
2025-07-06 14:30:40 [main] INFO  - email is entered
2025-07-06 14:30:41 [main] INFO  - password entered and clicked on show button..
2025-07-06 14:30:56 [main] ERROR - loginPageInvalid TC FAIL
2025-07-06 14:37:29 [main] INFO  - starting loginPageInvalid TC
2025-07-06 14:37:29 [main] INFO  - singin btn displayed and clicked
2025-07-06 14:37:29 [main] INFO  - email is entered
2025-07-06 14:37:30 [main] INFO  - password entered and clicked on show button..
2025-07-06 14:37:45 [main] ERROR - loginPageInvalid TC FAIL
2025-07-06 14:39:46 [main] INFO  - starting addItemToCartScenario TC
2025-07-06 14:39:48 [main] INFO  - price is verified..
2025-07-06 14:39:48 [main] INFO  - size is selected..
2025-07-06 14:39:49 [main] INFO  - product successfully added..
2025-07-06 14:39:52 [main] INFO  - continue btn is clicked
2025-07-06 14:39:52 [main] INFO  - ending addItemToCartScenario TC
2025-07-06 14:40:58 [main] INFO  - starting loginPageInvalid TC
2025-07-06 14:40:59 [main] INFO  - singin btn displayed and clicked
2025-07-06 14:40:59 [main] INFO  - email is entered
2025-07-06 14:41:14 [main] ERROR - loginPageInvalid TC FAIL
2025-07-06 14:42:30 [main] INFO  - starting loginPageInvalid TC
2025-07-06 14:42:31 [main] INFO  - singin btn displayed and clicked
2025-07-06 14:42:31 [main] INFO  - email is entered
2025-07-06 14:42:38 [main] ERROR - loginPageInvalid TC FAIL
2025-07-06 14:43:56 [main] INFO  - starting addItemToCartScenario TC
2025-07-06 14:43:57 [main] INFO  - price is verified..
2025-07-06 14:43:58 [main] INFO  - size is selected..
2025-07-06 14:43:59 [main] INFO  - product successfully added..
2025-07-06 14:44:00 [main] ERROR - addItemToCartScenario TC FAIL
2025-07-06 21:29:26 [main] INFO  - starting loginPageInvalid TC
2025-07-06 21:29:27 [main] INFO  - singin btn displayed and clicked
2025-07-06 21:29:27 [main] INFO  - email is entered
2025-07-06 21:29:27 [main] ERROR - loginPageInvalid TC FAIL
2025-07-06 21:32:52 [main] INFO  - starting loginPageInvalid TC
2025-07-06 21:32:52 [main] INFO  - singin btn displayed and clicked
2025-07-06 21:32:52 [main] INFO  - email is entered
2025-07-06 21:32:52 [main] ERROR - loginPageInvalid TC FAIL
2025-07-06 21:32:56 [main] INFO  - starting addItemToCartScenario TC
2025-07-06 21:32:58 [main] INFO  - price is verified..
2025-07-06 21:32:58 [main] INFO  - size is selected..
2025-07-06 21:33:00 [main] INFO  - product successfully added..
2025-07-06 21:33:03 [main] ERROR - addItemToCartScenario TC FAIL
2025-07-06 22:27:08 [TestNG-tests-3] INFO  - starting loginPageInvalid TC
2025-07-06 22:27:08 [TestNG-tests-1] INFO  - starting loginPageInvalid TC
2025-07-06 22:27:09 [TestNG-tests-1] INFO  - singin btn displayed and clicked
2025-07-06 22:27:09 [TestNG-tests-3] ERROR - loginPageInvalid TC FAIL
2025-07-06 22:27:09 [TestNG-tests-1] INFO  - email is entered
2025-07-06 22:27:09 [TestNG-tests-1] ERROR - loginPageInvalid TC FAIL
2025-07-06 22:27:10 [TestNG-tests-2] INFO  - starting loginPageInvalid TC
2025-07-06 22:27:12 [TestNG-tests-2] ERROR - loginPageInvalid TC FAIL
2025-07-06 22:27:16 [TestNG-tests-1] INFO  - starting addItemToCartScenario TC
2025-07-06 22:27:17 [TestNG-tests-3] INFO  - starting addItemToCartScenario TC
2025-07-06 22:27:18 [TestNG-tests-3] ERROR - addItemToCartScenario TC FAIL
2025-07-06 22:27:18 [TestNG-tests-1] INFO  - price is verified..
2025-07-06 22:27:18 [TestNG-tests-1] ERROR - addItemToCartScenario TC FAIL
